  [1m[35m (39.4ms)[0m  [1m[34mSELECT "schema_migrations"."version" FROM "schema_migrations" ORDER BY "schema_migrations"."version" ASC[0m
  ↳ bin/rails:9
  [1m[35m (1.3ms)[0m  [1m[34mSELECT "ar_internal_metadata"."value" FROM "ar_internal_metadata" WHERE "ar_internal_metadata"."key" = $1[0m  [["key", "environment"]]
  ↳ bin/rails:9
  [1m[35m (0.3ms)[0m  [1m[34mSELECT "schema_migrations"."version" FROM "schema_migrations" ORDER BY "schema_migrations"."version" ASC[0m
  ↳ bin/rails:9
  [1m[35m (0.3ms)[0m  [1m[34mSELECT "ar_internal_metadata"."value" FROM "ar_internal_metadata" WHERE "ar_internal_metadata"."key" = $1[0m  [["key", "environment"]]
  ↳ bin/rails:9
  [1m[35m (0.4ms)[0m  [1m[34mSELECT "schema_migrations"."version" FROM "schema_migrations" ORDER BY "schema_migrations"."version" ASC[0m
  ↳ bin/rails:9
  [1m[35m (0.3ms)[0m  [1m[34mSELECT "ar_internal_metadata"."value" FROM "ar_internal_metadata" WHERE "ar_internal_metadata"."key" = $1[0m  [["key", "environment"]]
  ↳ bin/rails:9
  [1m[35m (829.5ms)[0m  [1m[35mDROP DATABASE IF EXISTS "meet_travel_development"[0m
  ↳ bin/rails:9
  [1m[35m (242.4ms)[0m  [1m[35mDROP DATABASE IF EXISTS "meet_travel_test"[0m
  ↳ bin/rails:9
  [1m[35m (4256.2ms)[0m  [1m[35mCREATE DATABASE "meet_travel_development" ENCODING = 'unicode'[0m
  ↳ bin/rails:9
  [1m[35m (719.0ms)[0m  [1m[35mCREATE DATABASE "meet_travel_test" ENCODING = 'unicode'[0m
  ↳ bin/rails:9
  [1m[35mSQL (75.9ms)[0m  [1m[35mCREATE EXTENSION IF NOT EXISTS "plpgsql"[0m
  ↳ db/schema.rb:16
  [1m[35m (13.2ms)[0m  [1m[35mDROP TABLE IF EXISTS "tips" CASCADE[0m
  ↳ db/schema.rb:18
  [1m[35m (128.8ms)[0m  [1m[35mCREATE TABLE "tips" ("id" bigserial primary key, "title" character varying, "metadata" character varying, "description" text, "latitude" float, "longitude" float, "image" character varying, "user_id" bigint, "created_at" timestamp NOT NULL, "updated_at" timestamp NOT NULL)[0m
  ↳ db/schema.rb:18
  [1m[35m (9.6ms)[0m  [1m[35mCREATE  INDEX  "index_tips_on_user_id" ON "tips"  ("user_id")[0m
  ↳ db/schema.rb:18
  [1m[35m (0.3ms)[0m  [1m[35mDROP TABLE IF EXISTS "users" CASCADE[0m
  ↳ db/schema.rb:31
  [1m[35m (9.3ms)[0m  [1m[35mCREATE TABLE "users" ("id" bigserial primary key, "email" character varying DEFAULT '' NOT NULL, "encrypted_password" character varying DEFAULT '' NOT NULL, "username" character varying DEFAULT '' NOT NULL, "firstname" character varying, "lastname" character varying, "age" integer, "description" text, "image" character varying, "longitude" float, "latitude" float, "reset_password_token" character varying, "reset_password_sent_at" timestamp, "remember_created_at" timestamp, "confirmation_token" character varying, "confirmed_at" timestamp, "confirmation_sent_at" timestamp, "unconfirmed_email" character varying, "facebook_id" character varying, "created_at" timestamp NOT NULL, "updated_at" timestamp NOT NULL)[0m
  ↳ db/schema.rb:31
  [1m[35m (2.2ms)[0m  [1m[35mCREATE  INDEX  "index_users_on_age" ON "users"  ("age")[0m
  ↳ db/schema.rb:31
  [1m[35m (26.8ms)[0m  [1m[35mCREATE  INDEX  "index_users_on_description" ON "users"  ("description")[0m
  ↳ db/schema.rb:31
  [1m[35m (3.6ms)[0m  [1m[35mCREATE UNIQUE INDEX  "index_users_on_email" ON "users"  ("email")[0m
  ↳ db/schema.rb:31
  [1m[35m (2.2ms)[0m  [1m[35mCREATE  INDEX  "index_users_on_firstname" ON "users"  ("firstname")[0m
  ↳ db/schema.rb:31
  [1m[35m (2.3ms)[0m  [1m[35mCREATE  INDEX  "index_users_on_image" ON "users"  ("image")[0m
  ↳ db/schema.rb:31
  [1m[35m (2.3ms)[0m  [1m[35mCREATE  INDEX  "index_users_on_lastname" ON "users"  ("lastname")[0m
  ↳ db/schema.rb:31
  [1m[35m (1.8ms)[0m  [1m[35mCREATE UNIQUE INDEX  "index_users_on_reset_password_token" ON "users"  ("reset_password_token")[0m
  ↳ db/schema.rb:31
  [1m[35m (2.3ms)[0m  [1m[35mCREATE UNIQUE INDEX  "index_users_on_username" ON "users"  ("username")[0m
  ↳ db/schema.rb:31
  [1m[35m (6.7ms)[0m  [1m[35mCREATE TABLE "schema_migrations" ("version" character varying NOT NULL PRIMARY KEY)[0m
  ↳ db/schema.rb:13
  [1m[35m (0.7ms)[0m  [1m[34mSELECT "schema_migrations"."version" FROM "schema_migrations" ORDER BY "schema_migrations"."version" ASC[0m
  ↳ db/schema.rb:13
  [1m[35m (87.7ms)[0m  [1m[32mINSERT INTO "schema_migrations" (version) VALUES (20181203172851)[0m
  ↳ db/schema.rb:13
  [1m[35m (3.0ms)[0m  [1m[32mINSERT INTO "schema_migrations" (version) VALUES
(20181203105145);

[0m
  ↳ db/schema.rb:13
  [1m[35m (32.5ms)[0m  [1m[35mCREATE TABLE "ar_internal_metadata" ("key" character varying NOT NULL PRIMARY KEY, "value" character varying, "created_at" timestamp NOT NULL, "updated_at" timestamp NOT NULL)[0m
  ↳ db/schema.rb:13
  [1m[36mActiveRecord::InternalMetadata Load (1.0ms)[0m  [1m[34mSELECT  "ar_internal_metadata".* FROM "ar_internal_metadata" WHERE "ar_internal_metadata"."key" = $1 LIMIT $2[0m  [["key", "environment"], ["LIMIT", 1]]
  ↳ db/schema.rb:13
  [1m[35m (0.2ms)[0m  [1m[35mBEGIN[0m
  ↳ db/schema.rb:13
  [1m[36mActiveRecord::InternalMetadata Create (32.5ms)[0m  [1m[32mINSERT INTO "ar_internal_metadata" ("key", "value", "created_at", "updated_at") VALUES ($1, $2, $3, $4) RETURNING "key"[0m  [["key", "environment"], ["value", "development"], ["created_at", "2018-12-05 12:31:05.159890"], ["updated_at", "2018-12-05 12:31:05.159890"]]
  ↳ db/schema.rb:13
  [1m[35m (1.3ms)[0m  [1m[35mCOMMIT[0m
  ↳ db/schema.rb:13
  [1m[36mActiveRecord::InternalMetadata Load (0.5ms)[0m  [1m[34mSELECT  "ar_internal_metadata".* FROM "ar_internal_metadata" WHERE "ar_internal_metadata"."key" = $1 LIMIT $2[0m  [["key", "environment"], ["LIMIT", 1]]
  ↳ bin/rails:9
  [1m[35m (0.3ms)[0m  [1m[35mBEGIN[0m
  ↳ bin/rails:9
  [1m[35m (0.3ms)[0m  [1m[35mCOMMIT[0m
  ↳ bin/rails:9
  [1m[35mSQL (0.6ms)[0m  [1m[35mCREATE EXTENSION IF NOT EXISTS "plpgsql"[0m
  ↳ db/schema.rb:16
  [1m[35m (0.3ms)[0m  [1m[35mDROP TABLE IF EXISTS "tips" CASCADE[0m
  ↳ db/schema.rb:18
  [1m[35m (8.5ms)[0m  [1m[35mCREATE TABLE "tips" ("id" bigserial primary key, "title" character varying, "metadata" character varying, "description" text, "latitude" float, "longitude" float, "image" character varying, "user_id" bigint, "created_at" timestamp NOT NULL, "updated_at" timestamp NOT NULL)[0m
  ↳ db/schema.rb:18
  [1m[35m (4.0ms)[0m  [1m[35mCREATE  INDEX  "index_tips_on_user_id" ON "tips"  ("user_id")[0m
  ↳ db/schema.rb:18
  [1m[35m (0.2ms)[0m  [1m[35mDROP TABLE IF EXISTS "users" CASCADE[0m
  ↳ db/schema.rb:31
  [1m[35m (76.9ms)[0m  [1m[35mCREATE TABLE "users" ("id" bigserial primary key, "email" character varying DEFAULT '' NOT NULL, "encrypted_password" character varying DEFAULT '' NOT NULL, "username" character varying DEFAULT '' NOT NULL, "firstname" character varying, "lastname" character varying, "age" integer, "description" text, "image" character varying, "longitude" float, "latitude" float, "reset_password_token" character varying, "reset_password_sent_at" timestamp, "remember_created_at" timestamp, "confirmation_token" character varying, "confirmed_at" timestamp, "confirmation_sent_at" timestamp, "unconfirmed_email" character varying, "facebook_id" character varying, "created_at" timestamp NOT NULL, "updated_at" timestamp NOT NULL)[0m
  ↳ db/schema.rb:31
  [1m[35m (2.9ms)[0m  [1m[35mCREATE  INDEX  "index_users_on_age" ON "users"  ("age")[0m
  ↳ db/schema.rb:31
  [1m[35m (2.8ms)[0m  [1m[35mCREATE  INDEX  "index_users_on_description" ON "users"  ("description")[0m
  ↳ db/schema.rb:31
  [1m[35m (2.6ms)[0m  [1m[35mCREATE UNIQUE INDEX  "index_users_on_email" ON "users"  ("email")[0m
  ↳ db/schema.rb:31
  [1m[35m (2.2ms)[0m  [1m[35mCREATE  INDEX  "index_users_on_firstname" ON "users"  ("firstname")[0m
  ↳ db/schema.rb:31
  [1m[35m (2.3ms)[0m  [1m[35mCREATE  INDEX  "index_users_on_image" ON "users"  ("image")[0m
  ↳ db/schema.rb:31
  [1m[35m (2.3ms)[0m  [1m[35mCREATE  INDEX  "index_users_on_lastname" ON "users"  ("lastname")[0m
  ↳ db/schema.rb:31
  [1m[35m (2.3ms)[0m  [1m[35mCREATE UNIQUE INDEX  "index_users_on_reset_password_token" ON "users"  ("reset_password_token")[0m
  ↳ db/schema.rb:31
  [1m[35m (2.2ms)[0m  [1m[35mCREATE UNIQUE INDEX  "index_users_on_username" ON "users"  ("username")[0m
  ↳ db/schema.rb:31
  [1m[35m (4.3ms)[0m  [1m[35mCREATE TABLE "schema_migrations" ("version" character varying NOT NULL PRIMARY KEY)[0m
  ↳ db/schema.rb:13
  [1m[35m (0.6ms)[0m  [1m[34mSELECT "schema_migrations"."version" FROM "schema_migrations" ORDER BY "schema_migrations"."version" ASC[0m
  ↳ db/schema.rb:13
  [1m[35m (1.2ms)[0m  [1m[32mINSERT INTO "schema_migrations" (version) VALUES (20181203172851)[0m
  ↳ db/schema.rb:13
  [1m[35m (1.0ms)[0m  [1m[32mINSERT INTO "schema_migrations" (version) VALUES
(20181203105145);

[0m
  ↳ db/schema.rb:13
  [1m[35m (5.4ms)[0m  [1m[35mCREATE TABLE "ar_internal_metadata" ("key" character varying NOT NULL PRIMARY KEY, "value" character varying, "created_at" timestamp NOT NULL, "updated_at" timestamp NOT NULL)[0m
  ↳ db/schema.rb:13
  [1m[36mActiveRecord::InternalMetadata Load (0.7ms)[0m  [1m[34mSELECT  "ar_internal_metadata".* FROM "ar_internal_metadata" WHERE "ar_internal_metadata"."key" = $1 LIMIT $2[0m  [["key", "environment"], ["LIMIT", 1]]
  ↳ db/schema.rb:13
  [1m[35m (0.2ms)[0m  [1m[35mBEGIN[0m
  ↳ db/schema.rb:13
  [1m[36mActiveRecord::InternalMetadata Create (0.4ms)[0m  [1m[32mINSERT INTO "ar_internal_metadata" ("key", "value", "created_at", "updated_at") VALUES ($1, $2, $3, $4) RETURNING "key"[0m  [["key", "environment"], ["value", "development"], ["created_at", "2018-12-05 12:31:05.635360"], ["updated_at", "2018-12-05 12:31:05.635360"]]
  ↳ db/schema.rb:13
  [1m[35m (1.0ms)[0m  [1m[35mCOMMIT[0m
  ↳ db/schema.rb:13
  [1m[36mActiveRecord::InternalMetadata Load (0.4ms)[0m  [1m[34mSELECT  "ar_internal_metadata".* FROM "ar_internal_metadata" WHERE "ar_internal_metadata"."key" = $1 LIMIT $2[0m  [["key", "environment"], ["LIMIT", 1]]
  ↳ bin/rails:9
  [1m[35m (0.1ms)[0m  [1m[35mBEGIN[0m
  ↳ bin/rails:9
  [1m[36mActiveRecord::InternalMetadata Update (53.7ms)[0m  [1m[33mUPDATE "ar_internal_metadata" SET "value" = $1, "updated_at" = $2 WHERE "ar_internal_metadata"."key" = $3[0m  [["value", "test"], ["updated_at", "2018-12-05 12:31:05.640060"], ["key", "environment"]]
  ↳ bin/rails:9
  [1m[35m (1.1ms)[0m  [1m[35mCOMMIT[0m
  ↳ bin/rails:9
  [1m[35m (0.8ms)[0m  [1m[34mSELECT "schema_migrations"."version" FROM "schema_migrations" ORDER BY "schema_migrations"."version" ASC[0m
  ↳ bin/rails:9
Started GET "/" for 127.0.0.1 at 2018-12-05 13:34:10 +0100
Started GET "/" for 127.0.0.1 at 2018-12-05 13:34:10 +0100
  [1m[35m (38.8ms)[0m  [1m[34mSELECT "schema_migrations"."version" FROM "schema_migrations" ORDER BY "schema_migrations"."version" ASC[0m
  [1m[35m (38.8ms)[0m  [1m[34mSELECT "schema_migrations"."version" FROM "schema_migrations" ORDER BY "schema_migrations"."version" ASC[0m
  ↳ /Users/Thomas/.rvm/gems/ruby-2.5.1/gems/activerecord-5.2.1.1/lib/active_record/log_subscriber.rb:98
  ↳ /Users/Thomas/.rvm/gems/ruby-2.5.1/gems/activerecord-5.2.1.1/lib/active_record/log_subscriber.rb:98
Processing by HomeController#index as HTML
Processing by HomeController#index as HTML
  Rendering home/index.html.erb within layouts/application
  Rendering home/index.html.erb within layouts/application
  [1m[36mUser Load (81.1ms)[0m  [1m[34mSELECT  "users".* FROM "users" WHERE "users"."id" = $1 ORDER BY "users"."id" ASC LIMIT $2[0m  [["id", 2], ["LIMIT", 1]]
  ↳ app/views/home/index.html.erb:2
  [1m[36mUser Load (80.4ms)[0m  [1m[34mSELECT  "users".* FROM "users" WHERE "users"."id" = $1 ORDER BY "users"."id" ASC LIMIT $2[0m  [["id", 2], ["LIMIT", 1]]
  ↳ app/views/home/index.html.erb:2
  Rendered home/index.html.erb within layouts/application (4969.1ms)
  Rendered home/index.html.erb within layouts/application (4969.5ms)
  Rendered devise/registrations/_new.html.erb (5.0ms)
  Rendered devise/registrations/_new.html.erb (1.8ms)
  Rendered devise/sessions/_new.html.erb (351.4ms)
  Rendered devise/sessions/_new.html.erb (66.0ms)
  Rendered layouts/_navbar.html.erb (1.7ms)
  Rendered layouts/_navbar.html.erb (0.8ms)
  Rendered layouts/_footer.html.erb (1.6ms)
Completed 200 OK in 6982ms (Views: 6613.9ms | ActiveRecord: 215.2ms)


  Rendered layouts/_footer.html.erb (98.9ms)
Completed 200 OK in 7115ms (Views: 6662.8ms | ActiveRecord: 334.4ms)


Started POST "/users" for 127.0.0.1 at 2018-12-05 13:40:17 +0100
Processing by Devise::RegistrationsController#create as HTML
  Parameters: {"utf8"=>"✓", "authenticity_token"=>"Z+coyHwsEp4hsAmfXlka2RBWUDJYo2yB8VnguvvCnvZ/HjCJK9uwqRuEF35O/GFfB1ktdUhbGADSEkov4rNT4w==", "user"=>{"username"=>"dv", "email"=>"thomas.perus@espeme.com", "password"=>"[FILTERED]", "password_confirmation"=>"[FILTERED]", "remember_me"=>"0"}, "commit"=>"Créer un compte"}
Unpermitted parameter: :remember_me
  [1m[35m (0.3ms)[0m  [1m[35mBEGIN[0m
  ↳ /Users/Thomas/.rvm/gems/ruby-2.5.1/gems/activerecord-5.2.1.1/lib/active_record/log_subscriber.rb:98
  [1m[36mUser Exists (34.9ms)[0m  [1m[34mSELECT  1 AS one FROM "users" WHERE LOWER("users"."username") = LOWER($1) LIMIT $2[0m  [["username", "dv"], ["LIMIT", 1]]
  ↳ /Users/Thomas/.rvm/gems/ruby-2.5.1/gems/activerecord-5.2.1.1/lib/active_record/log_subscriber.rb:98
  [1m[36mUser Exists (0.9ms)[0m  [1m[34mSELECT  1 AS one FROM "users" WHERE "users"."email" = $1 LIMIT $2[0m  [["email", "thomas.perus@espeme.com"], ["LIMIT", 1]]
  ↳ /Users/Thomas/.rvm/gems/ruby-2.5.1/gems/activerecord-5.2.1.1/lib/active_record/log_subscriber.rb:98
  [1m[36mUser Create (67.3ms)[0m  [1m[32mINSERT INTO "users" ("email", "encrypted_password", "username", "confirmation_token", "confirmation_sent_at", "created_at", "updated_at") VALUES ($1, $2, $3, $4, $5, $6, $7) RETURNING "id"[0m  [["email", "thomas.perus@espeme.com"], ["encrypted_password", "$2a$11$8yMqntP5u6Rdc316IhLSSuMCwdEfmOhlizZZaL9KgMT2QbbRJItL6"], ["username", "dv"], ["confirmation_token", "UEs7Y8Dj1zz9Ucjg7yxz"], ["confirmation_sent_at", "2018-12-05 12:40:19.444522"], ["created_at", "2018-12-05 12:40:19.434927"], ["updated_at", "2018-12-05 12:40:19.434927"]]
  ↳ /Users/Thomas/.rvm/gems/ruby-2.5.1/gems/activerecord-5.2.1.1/lib/active_record/log_subscriber.rb:98
  [1m[35m (32.1ms)[0m  [1m[35mCOMMIT[0m
  ↳ /Users/Thomas/.rvm/gems/ruby-2.5.1/gems/activerecord-5.2.1.1/lib/active_record/log_subscriber.rb:98
  Rendering devise/mailer/confirmation_instructions.html.erb
  Rendered devise/mailer/confirmation_instructions.html.erb (8.2ms)
Devise::Mailer#confirmation_instructions: processed outbound mail in 2193.7ms
Sent mail to thomas.perus@espeme.com (988.4ms)
Date: Wed, 05 Dec 2018 13:40:21 +0100
From: thehackingproject.lille@outlook.fr
Reply-To: thehackingproject.lille@outlook.fr
To: thomas.perus@espeme.com
Message-ID: <5c07c735d8a02_90ac3fe1ea33e65c57722@MacBook-Pro-de-Thomas.local.mail>
Subject: Confirmation instructions
Mime-Version: 1.0
Content-Type: text/html;
 charset=UTF-8
Content-Transfer-Encoding: 7bit

<p>Welcome dv!</p>

<p>You can confirm your account email through the link below:</p>

<p><a href="http://localhost:3000/users/confirmation?confirmation_token=UEs7Y8Dj1zz9Ucjg7yxz">Confirm my account</a></p>

Redirected to http://localhost:3000/
Completed 302 Found in 4618ms (ActiveRecord: 299.2ms)


Started GET "/" for 127.0.0.1 at 2018-12-05 13:40:22 +0100
Processing by HomeController#index as HTML
  Rendering home/index.html.erb within layouts/application
  Rendered home/index.html.erb within layouts/application (35.7ms)
  Rendered devise/registrations/_new.html.erb (5.9ms)
  Rendered devise/sessions/_new.html.erb (62.4ms)
  Rendered layouts/_navbar.html.erb (3.0ms)
  Rendered layouts/_footer.html.erb (21.9ms)
Completed 200 OK in 1231ms (Views: 1188.6ms | ActiveRecord: 0.0ms)


Started GET "/users/confirmation?confirmation_token=UEs7Y8Dj1zz9Ucjg7yxz" for 127.0.0.1 at 2018-12-05 13:40:36 +0100
Processing by Devise::ConfirmationsController#show as HTML
  Parameters: {"confirmation_token"=>"UEs7Y8Dj1zz9Ucjg7yxz"}
  [1m[36mUser Load (1.8ms)[0m  [1m[34mSELECT  "users".* FROM "users" WHERE "users"."confirmation_token" = $1 ORDER BY "users"."id" ASC LIMIT $2[0m  [["confirmation_token", "UEs7Y8Dj1zz9Ucjg7yxz"], ["LIMIT", 1]]
  ↳ app/models/user.rb:19
  [1m[35m (0.3ms)[0m  [1m[35mBEGIN[0m
  ↳ /Users/Thomas/.rvm/gems/ruby-2.5.1/gems/activerecord-5.2.1.1/lib/active_record/log_subscriber.rb:98
  [1m[36mUser Update (0.8ms)[0m  [1m[33mUPDATE "users" SET "confirmed_at" = $1, "updated_at" = $2 WHERE "users"."id" = $3[0m  [["confirmed_at", "2018-12-05 12:40:36.515906"], ["updated_at", "2018-12-05 12:40:36.519336"], ["id", 1]]
  ↳ /Users/Thomas/.rvm/gems/ruby-2.5.1/gems/activerecord-5.2.1.1/lib/active_record/log_subscriber.rb:98
  [1m[35m (156.2ms)[0m  [1m[35mCOMMIT[0m
  ↳ /Users/Thomas/.rvm/gems/ruby-2.5.1/gems/activerecord-5.2.1.1/lib/active_record/log_subscriber.rb:98
Redirected to http://localhost:3000/users/sign_in
Completed 302 Found in 266ms (ActiveRecord: 159.1ms)


Started GET "/users/sign_in" for 127.0.0.1 at 2018-12-05 13:40:36 +0100
Processing by Devise::SessionsController#new as HTML
  Rendering /Users/Thomas/.rvm/gems/ruby-2.5.1/gems/devise-4.5.0/app/views/devise/sessions/new.html.erb within layouts/application
  Rendered devise/shared/_links.html.erb (4.4ms)
  Rendered /Users/Thomas/.rvm/gems/ruby-2.5.1/gems/devise-4.5.0/app/views/devise/sessions/new.html.erb within layouts/application (245.1ms)
  Rendered devise/registrations/_new.html.erb (4.2ms)
  Rendered devise/sessions/_new.html.erb (45.4ms)
  Rendered layouts/_navbar.html.erb (2.0ms)
  Rendered layouts/_footer.html.erb (15.1ms)
Completed 200 OK in 1578ms (Views: 1574.6ms | ActiveRecord: 0.0ms)


Started POST "/users/sign_in" for 127.0.0.1 at 2018-12-05 13:41:14 +0100
Processing by Devise::SessionsController#create as HTML
  Parameters: {"utf8"=>"✓", "authenticity_token"=>"MwDvp85BMOVI11XeOL6PV7upDzvk2F1OCH/apAkisoAr+ffmmbaS0nLjSz8oG/TRrKZyfPQgKc8rNHAxEFN/lQ==", "user"=>{"email"=>"thomas.perus@espeme.com", "password"=>"[FILTERED]", "remember_me"=>"0"}, "commit"=>"Log in"}
Completed 401 Unauthorized in 3ms (ActiveRecord: 0.0ms)


Processing by Devise::SessionsController#new as HTML
  Parameters: {"utf8"=>"✓", "authenticity_token"=>"MwDvp85BMOVI11XeOL6PV7upDzvk2F1OCH/apAkisoAr+ffmmbaS0nLjSz8oG/TRrKZyfPQgKc8rNHAxEFN/lQ==", "user"=>{"email"=>"thomas.perus@espeme.com", "password"=>"[FILTERED]", "remember_me"=>"0"}, "commit"=>"Log in"}
Unpermitted parameter: :email
  Rendering /Users/Thomas/.rvm/gems/ruby-2.5.1/gems/devise-4.5.0/app/views/devise/sessions/new.html.erb within layouts/application
  Rendered devise/shared/_links.html.erb (2.4ms)
  Rendered /Users/Thomas/.rvm/gems/ruby-2.5.1/gems/devise-4.5.0/app/views/devise/sessions/new.html.erb within layouts/application (23.0ms)
  Rendered devise/registrations/_new.html.erb (3.0ms)
  Rendered devise/sessions/_new.html.erb (158.5ms)
  Rendered layouts/_navbar.html.erb (2.5ms)
  Rendered layouts/_footer.html.erb (44.4ms)
Completed 200 OK in 1517ms (Views: 1337.8ms | ActiveRecord: 0.0ms)


Started POST "/users/sign_in" for 127.0.0.1 at 2018-12-05 13:41:25 +0100
Processing by Devise::SessionsController#create as HTML
  Parameters: {"utf8"=>"✓", "authenticity_token"=>"J/s5vUAiG6QGvepLkJOAiC24uVb8y0VHaoLadzjFRYk/AiH8F9W5kzyJ9KqANvsOOrfEEewzMcZJyXDiIbSInA==", "user"=>{"login"=>"thomas.perus@espeme.com", "password"=>"[FILTERED]", "remember_me"=>"0"}, "commit"=>"Se connecter"}
  [1m[36mUser Load (1.3ms)[0m  [1m[34mSELECT  "users".* FROM "users" WHERE (lower(username) = 'thomas.perus@espeme.com' OR lower(email)= 'thomas.perus@espeme.com') ORDER BY "users"."id" ASC LIMIT $1[0m  [["LIMIT", 1]]
  ↳ app/models/user.rb:17
Redirected to http://localhost:3000/
Completed 302 Found in 216ms (ActiveRecord: 1.3ms)


Started GET "/" for 127.0.0.1 at 2018-12-05 13:41:25 +0100
Processing by HomeController#index as HTML
  Rendering home/index.html.erb within layouts/application
  [1m[36mUser Load (0.7ms)[0m  [1m[34mSELECT  "users".* FROM "users" WHERE "users"."id" = $1 ORDER BY "users"."id" ASC LIMIT $2[0m  [["id", 1], ["LIMIT", 1]]
  ↳ app/views/home/index.html.erb:2
  Rendered home/index.html.erb within layouts/application (35.9ms)
  Rendered layouts/_navbar.html.erb (34.6ms)
  Rendered layouts/_footer.html.erb (53.3ms)
Completed 200 OK in 687ms (Views: 647.8ms | ActiveRecord: 0.7ms)


Started DELETE "/users/sign_out" for 127.0.0.1 at 2018-12-05 13:41:33 +0100
Processing by Devise::SessionsController#destroy as HTML
  Parameters: {"authenticity_token"=>"jJSvK9uw2XUJ7UniYWHuVgHhzbgf9i1/aalMPdbjYnah/u/NinvIRV1Zzr29hlVxDbvm6ORgS1lMiNSeCo1fHg=="}
  [1m[36mUser Load (1.2ms)[0m  [1m[34mSELECT  "users".* FROM "users" WHERE "users"."id" = $1 ORDER BY "users"."id" ASC LIMIT $2[0m  [["id", 1], ["LIMIT", 1]]
  ↳ /Users/Thomas/.rvm/gems/ruby-2.5.1/gems/activerecord-5.2.1.1/lib/active_record/log_subscriber.rb:98
  [1m[35m (0.3ms)[0m  [1m[35mBEGIN[0m
  ↳ /Users/Thomas/.rvm/gems/ruby-2.5.1/gems/activerecord-5.2.1.1/lib/active_record/log_subscriber.rb:98
  [1m[35m (0.2ms)[0m  [1m[35mCOMMIT[0m
  ↳ /Users/Thomas/.rvm/gems/ruby-2.5.1/gems/activerecord-5.2.1.1/lib/active_record/log_subscriber.rb:98
Redirected to http://localhost:3000/
Completed 302 Found in 163ms (ActiveRecord: 1.7ms)


Started GET "/" for 127.0.0.1 at 2018-12-05 13:41:33 +0100
Processing by HomeController#index as HTML
  Rendering home/index.html.erb within layouts/application
  Rendered home/index.html.erb within layouts/application (7.2ms)
  Rendered devise/registrations/_new.html.erb (2.2ms)
  Rendered devise/sessions/_new.html.erb (48.6ms)
  Rendered layouts/_navbar.html.erb (1.3ms)
  Rendered layouts/_footer.html.erb (16.2ms)
Completed 200 OK in 556ms (Views: 553.0ms | ActiveRecord: 0.0ms)


